[2021-06-16 20:31:42,378] [autoreload.py:636] [autoreload:run_with_reloader] [INFO]- Watching for file changes with StatReloader
[2021-06-16 20:32:05,897] [basehttp.py:161] [basehttp:log_message] [INFO]- "GET / HTTP/1.1" 200 20506
[2021-06-16 20:32:06,096] [basehttp.py:161] [basehttp:log_message] [INFO]- "GET /static/css/reset.css HTTP/1.1" 200 638
[2021-06-16 20:32:06,109] [basehttp.py:161] [basehttp:log_message] [INFO]- "GET /static/css/main.css HTTP/1.1" 200 39722
[2021-06-16 20:32:06,188] [basehttp.py:161] [basehttp:log_message] [INFO]- "GET /static/js/axios-0.18.0.min.js HTTP/1.1" 200 12913
[2021-06-16 20:32:06,319] [basehttp.py:161] [basehttp:log_message] [INFO]- "GET /static/js/jquery-1.12.4.min.js HTTP/1.1" 200 97169
[2021-06-16 20:32:06,400] [basehttp.py:161] [basehttp:log_message] [INFO]- "GET /static/js/common.js HTTP/1.1" 200 891
[2021-06-16 20:32:06,406] [basehttp.py:161] [basehttp:log_message] [INFO]- "GET /static/js/vue-2.5.16.js HTTP/1.1" 200 289387
[2021-06-16 20:32:06,501] [basehttp.py:161] [basehttp:log_message] [INFO]- "GET /static/js/slide.js HTTP/1.1" 200 1822
[2021-06-16 20:32:06,504] [basehttp.py:161] [basehttp:log_message] [INFO]- "GET /static/js/index.js HTTP/1.1" 200 1381
[2021-06-16 20:32:06,544] [basehttp.py:161] [basehttp:log_message] [INFO]- "GET /static/images/logo.png HTTP/1.1" 200 7450
[2021-06-16 20:32:06,549] [basehttp.py:161] [basehttp:log_message] [INFO]- "GET /static/images/goods/goods002.jpg HTTP/1.1" 200 5377
[2021-06-16 20:32:06,565] [basehttp.py:161] [basehttp:log_message] [INFO]- "GET /static/images/goods/goods003.jpg HTTP/1.1" 200 8579
[2021-06-16 20:32:06,573] [basehttp.py:161] [basehttp:log_message] [INFO]- "GET /static/images/goods/goods001.jpg HTTP/1.1" 200 5391
[2021-06-16 20:32:06,638] [basehttp.py:161] [basehttp:log_message] [INFO]- "GET /static/images/slide01.jpg HTTP/1.1" 200 67813
[2021-06-16 20:32:06,666] [basehttp.py:161] [basehttp:log_message] [INFO]- "GET /static/images/slide02.jpg HTTP/1.1" 200 89905
[2021-06-16 20:32:06,682] [basehttp.py:161] [basehttp:log_message] [INFO]- "GET /static/images/slide03.jpg HTTP/1.1" 200 70152
[2021-06-16 20:32:06,695] [basehttp.py:161] [basehttp:log_message] [INFO]- "GET /static/images/banner01.jpg HTTP/1.1" 200 23658
[2021-06-16 20:32:06,696] [basehttp.py:161] [basehttp:log_message] [INFO]- "GET /static/images/slide04.jpg HTTP/1.1" 200 107973
[2021-06-16 20:32:06,697] [basehttp.py:161] [basehttp:log_message] [INFO]- "GET /static/images/adv01.jpg HTTP/1.1" 200 39831
[2021-06-16 20:32:06,712] [basehttp.py:161] [basehttp:log_message] [INFO]- "GET /static/images/goods/goods004.jpg HTTP/1.1" 200 6565
[2021-06-16 20:32:06,724] [basehttp.py:161] [basehttp:log_message] [INFO]- "GET /static/images/goods/goods005.jpg HTTP/1.1" 200 7578
[2021-06-16 20:32:06,730] [basehttp.py:161] [basehttp:log_message] [INFO]- "GET /static/images/banner02.jpg HTTP/1.1" 200 26729
[2021-06-16 20:32:06,735] [basehttp.py:161] [basehttp:log_message] [INFO]- "GET /static/images/banner03.jpg HTTP/1.1" 200 22681
[2021-06-16 20:32:06,739] [basehttp.py:161] [basehttp:log_message] [INFO]- "GET /static/images/goods/goods008.jpg HTTP/1.1" 200 7072
[2021-06-16 20:32:06,746] [basehttp.py:161] [basehttp:log_message] [INFO]- "GET /static/images/icons.png HTTP/1.1" 200 7740
[2021-06-16 20:32:06,747] [basehttp.py:161] [basehttp:log_message] [INFO]- "GET /static/images/goods/goods009.jpg HTTP/1.1" 200 8738
[2021-06-16 20:32:07,216] [log.py:224] [log:log_response] [WARNING]- Not Found: /carts/simple/
[2021-06-16 20:32:07,232] [log.py:224] [log:log_response] [WARNING]- Not Found: /favicon.ico
[2021-06-16 20:32:07,234] [basehttp.py:161] [basehttp:log_message] [WARNING]- "GET /carts/simple/ HTTP/1.1" 404 4736
[2021-06-16 20:32:07,239] [basehttp.py:161] [basehttp:log_message] [WARNING]- "GET /favicon.ico HTTP/1.1" 404 4730
[2021-06-16 20:32:21,893] [basehttp.py:161] [basehttp:log_message] [INFO]- "GET /center HTTP/1.1" 301 0
[2021-06-16 20:32:22,142] [basehttp.py:161] [basehttp:log_message] [INFO]- "GET /center/ HTTP/1.1" 200 6396
[2021-06-16 20:32:22,266] [basehttp.py:161] [basehttp:log_message] [INFO]- "GET /static/images/goods/goods006.jpg HTTP/1.1" 200 6836
[2021-06-16 20:32:22,292] [basehttp.py:161] [basehttp:log_message] [INFO]- "GET /static/js/user_center_info.js HTTP/1.1" 200 3181
[2021-06-16 20:32:22,293] [basehttp.py:161] [basehttp:log_message] [INFO]- "GET /static/images/goods/goods007.jpg HTTP/1.1" 200 3936
[2021-06-16 20:32:22,304] [basehttp.py:161] [basehttp:log_message] [INFO]- "GET /static/images/left_bg.jpg HTTP/1.1" 200 1367
[2021-06-16 20:32:22,361] [basehttp.py:161] [basehttp:log_message] [INFO]- "GET /static/images/shop_cart.png HTTP/1.1" 200 1317
[2021-06-16 20:32:22,525] [log.py:224] [log:log_response] [WARNING]- Not Found: /browse_histories/
[2021-06-16 20:32:22,528] [basehttp.py:161] [basehttp:log_message] [WARNING]- "GET /browse_histories/ HTTP/1.1" 404 4748
[2021-06-16 20:32:25,581] [log.py:224] [log:log_response] [WARNING]- Not Found: /center/user_center_site.html
[2021-06-16 20:32:25,584] [basehttp.py:161] [basehttp:log_message] [WARNING]- "GET /center/user_center_site.html HTTP/1.1" 404 4781
[2021-06-16 20:32:31,945] [basehttp.py:161] [basehttp:log_message] [INFO]- "GET /emails HTTP/1.1" 301 0
[2021-06-16 20:32:32,559] [log.py:224] [log:log_response] [ERROR]- Internal Server Error: /emails/
Traceback (most recent call last):
  File "D:\python\lib\site-packages\django\core\handlers\exception.py", line 47, in inner
    response = get_response(request)
  File "D:\python\lib\site-packages\django\core\handlers\base.py", line 181, in _get_response
    response = wrapped_callback(request, *callback_args, **callback_kwargs)
  File "D:\python\lib\site-packages\django\views\generic\base.py", line 70, in view
    return self.dispatch(request, *args, **kwargs)
  File "D:\python\lib\site-packages\django\contrib\auth\mixins.py", line 71, in dispatch
    return super().dispatch(request, *args, **kwargs)
  File "D:\python\lib\site-packages\django\views\generic\base.py", line 98, in dispatch
    return handler(request, *args, **kwargs)
  File "E:\djangoProject\djangoProject\meiduo_project\apps\users\views.py", line 204, in get
    data = json.loads(request.body.decode())
  File "D:\python\lib\json\__init__.py", line 357, in loads
    return _default_decoder.decode(s)
  File "D:\python\lib\json\decoder.py", line 337, in decode
    obj, end = self.raw_decode(s, idx=_w(s, 0).end())
  File "D:\python\lib\json\decoder.py", line 355, in raw_decode
    raise JSONDecodeError("Expecting value", s, err.value) from None
json.decoder.JSONDecodeError: Expecting value: line 1 column 1 (char 0)
[2021-06-16 20:32:32,575] [basehttp.py:161] [basehttp:log_message] [ERROR]- "GET /emails/ HTTP/1.1" 500 96414
[2021-06-16 20:32:37,276] [basehttp.py:161] [basehttp:log_message] [INFO]- "GET /areas/ HTTP/1.1" 200 1479
[2021-06-16 20:34:01,867] [basehttp.py:161] [basehttp:log_message] [INFO]- "GET /address HTTP/1.1" 301 0
[2021-06-16 20:34:01,955] [basehttp.py:161] [basehttp:log_message] [INFO]- "GET /address/ HTTP/1.1" 200 6625
[2021-06-16 20:34:02,112] [basehttp.py:161] [basehttp:log_message] [INFO]- "GET /static/js/user_center_site.js HTTP/1.1" 200 13646
[2021-06-16 20:34:02,115] [basehttp.py:161] [basehttp:log_message] [INFO]- "GET /static/images/edit.png HTTP/1.1" 200 1244
[2021-06-16 20:34:02,238] [basehttp.py:161] [basehttp:log_message] [INFO]- "GET /areas/ HTTP/1.1" 200 1479
[2021-06-16 20:34:06,437] [basehttp.py:161] [basehttp:log_message] [INFO]- "GET /areas/?area_id=140000 HTTP/1.1" 200 472
[2021-06-16 20:34:08,046] [basehttp.py:161] [basehttp:log_message] [INFO]- "GET /areas/?area_id=140600 HTTP/1.1" 200 274
[2021-06-16 20:34:16,706] [basehttp.py:161] [basehttp:log_message] [INFO]- "GET /areas/?area_id=500000 HTTP/1.1" 200 124
[2021-06-16 20:34:18,953] [basehttp.py:161] [basehttp:log_message] [INFO]- "GET /areas/?area_id=500100 HTTP/1.1" 200 1606
[2021-06-16 20:47:43,761] [autoreload.py:250] [autoreload:trigger_reload] [INFO]- E:\djangoProject\djangoProject\meiduo_project\apps\users\urls.py changed, reloading.
[2021-06-16 20:47:48,225] [autoreload.py:636] [autoreload:run_with_reloader] [INFO]- Watching for file changes with StatReloader
[2021-06-16 20:48:18,820] [autoreload.py:250] [autoreload:trigger_reload] [INFO]- E:\djangoProject\djangoProject\meiduo_project\apps\users\urls.py changed, reloading.
[2021-06-16 20:48:23,272] [autoreload.py:636] [autoreload:run_with_reloader] [INFO]- Watching for file changes with StatReloader
[2021-06-16 20:48:30,585] [autoreload.py:250] [autoreload:trigger_reload] [INFO]- E:\djangoProject\djangoProject\meiduo_project\apps\users\urls.py changed, reloading.
[2021-06-16 20:48:36,366] [autoreload.py:636] [autoreload:run_with_reloader] [INFO]- Watching for file changes with StatReloader
[2021-06-16 20:48:58,108] [autoreload.py:250] [autoreload:trigger_reload] [INFO]- E:\djangoProject\djangoProject\meiduo_project\apps\users\urls.py changed, reloading.
[2021-06-16 20:49:02,200] [autoreload.py:636] [autoreload:run_with_reloader] [INFO]- Watching for file changes with StatReloader
[2021-06-16 20:49:08,553] [autoreload.py:250] [autoreload:trigger_reload] [INFO]- E:\djangoProject\djangoProject\meiduo_project\apps\users\urls.py changed, reloading.
[2021-06-16 20:49:13,731] [autoreload.py:636] [autoreload:run_with_reloader] [INFO]- Watching for file changes with StatReloader
[2021-06-16 20:49:21,081] [autoreload.py:250] [autoreload:trigger_reload] [INFO]- E:\djangoProject\djangoProject\meiduo_project\apps\users\urls.py changed, reloading.
[2021-06-16 20:49:26,439] [autoreload.py:636] [autoreload:run_with_reloader] [INFO]- Watching for file changes with StatReloader
[2021-06-16 21:05:57,143] [autoreload.py:250] [autoreload:trigger_reload] [INFO]- E:\djangoProject\djangoProject\meiduo_project\apps\users\urls.py changed, reloading.
[2021-06-16 21:06:01,654] [autoreload.py:636] [autoreload:run_with_reloader] [INFO]- Watching for file changes with StatReloader
[2021-06-17 10:04:26,785] [autoreload.py:250] [autoreload:trigger_reload] [INFO]- E:\djangoProject\djangoProject\meiduo_project\apps\users\urls.py changed, reloading.
