[2021-06-02 09:30:14,838] [autoreload.py:636] [autoreload:run_with_reloader] [INFO]- Watching for file changes with StatReloader
[2021-06-02 09:30:16,159] [basehttp.py:161] [basehttp:log_message] [INFO]- "GET / HTTP/1.1" 200 20048
[2021-06-02 09:30:16,261] [basehttp.py:161] [basehttp:log_message] [INFO]- "GET /static/css/reset.css HTTP/1.1" 200 638
[2021-06-02 09:30:16,264] [basehttp.py:161] [basehttp:log_message] [INFO]- "GET /static/css/main.css HTTP/1.1" 200 39722
[2021-06-02 09:30:16,290] [basehttp.py:161] [basehttp:log_message] [INFO]- "GET /static/js/slide.js HTTP/1.1" 200 1822
[2021-06-02 09:30:16,304] [basehttp.py:161] [basehttp:log_message] [INFO]- "GET /static/images/logo.png HTTP/1.1" 200 7450
[2021-06-02 09:30:16,307] [basehttp.py:161] [basehttp:log_message] [INFO]- "GET /static/js/jquery-1.12.4.min.js HTTP/1.1" 200 97169
[2021-06-02 09:30:16,359] [basehttp.py:161] [basehttp:log_message] [INFO]- "GET /static/images/goods/goods001.jpg HTTP/1.1" 200 5391
[2021-06-02 09:30:16,405] [basehttp.py:161] [basehttp:log_message] [INFO]- "GET /static/images/goods/goods002.jpg HTTP/1.1" 200 5377
[2021-06-02 09:30:16,406] [basehttp.py:161] [basehttp:log_message] [INFO]- "GET /static/images/goods/goods003.jpg HTTP/1.1" 200 8579
[2021-06-02 09:30:16,433] [basehttp.py:161] [basehttp:log_message] [INFO]- "GET /static/images/slide01.jpg HTTP/1.1" 200 67813
[2021-06-02 09:30:16,436] [basehttp.py:161] [basehttp:log_message] [INFO]- "GET /static/images/banner01.jpg HTTP/1.1" 200 23658
[2021-06-02 09:30:16,437] [basehttp.py:161] [basehttp:log_message] [INFO]- "GET /static/images/slide02.jpg HTTP/1.1" 200 89905
[2021-06-02 09:30:16,453] [basehttp.py:161] [basehttp:log_message] [INFO]- "GET /static/images/adv01.jpg HTTP/1.1" 200 39831
[2021-06-02 09:30:16,459] [basehttp.py:161] [basehttp:log_message] [INFO]- "GET /static/images/goods/goods004.jpg HTTP/1.1" 200 6565
[2021-06-02 09:30:16,467] [basehttp.py:161] [basehttp:log_message] [INFO]- "GET /static/images/slide03.jpg HTTP/1.1" 200 70152
[2021-06-02 09:30:16,469] [basehttp.py:161] [basehttp:log_message] [INFO]- "GET /static/images/goods/goods005.jpg HTTP/1.1" 200 7578
[2021-06-02 09:30:16,483] [basehttp.py:161] [basehttp:log_message] [INFO]- "GET /static/images/goods/goods008.jpg HTTP/1.1" 200 7072
[2021-06-02 09:30:16,484] [basehttp.py:161] [basehttp:log_message] [INFO]- "GET /static/images/banner02.jpg HTTP/1.1" 200 26729
[2021-06-02 09:30:16,489] [basehttp.py:161] [basehttp:log_message] [INFO]- "GET /static/images/slide04.jpg HTTP/1.1" 200 107973
[2021-06-02 09:30:16,492] [basehttp.py:161] [basehttp:log_message] [INFO]- "GET /static/images/goods/goods009.jpg HTTP/1.1" 200 8738
[2021-06-02 09:30:16,493] [basehttp.py:161] [basehttp:log_message] [INFO]- "GET /static/images/icons.png HTTP/1.1" 200 7740
[2021-06-02 09:30:16,493] [basehttp.py:161] [basehttp:log_message] [INFO]- "GET /static/images/banner03.jpg HTTP/1.1" 200 22681
[2021-06-02 09:30:16,676] [log.py:224] [log:log_response] [WARNING]- Not Found: /favicon.ico
[2021-06-02 09:30:16,688] [basehttp.py:161] [basehttp:log_message] [WARNING]- "GET /favicon.ico HTTP/1.1" 404 3012
[2021-06-02 09:30:21,507] [basehttp.py:161] [basehttp:log_message] [INFO]- "GET /register HTTP/1.1" 301 0
[2021-06-02 09:30:21,530] [basehttp.py:161] [basehttp:log_message] [INFO]- "GET /register/ HTTP/1.1" 200 3739
[2021-06-02 09:30:21,557] [basehttp.py:161] [basehttp:log_message] [INFO]- "GET /static/js/axios-0.18.0.min.js HTTP/1.1" 200 12913
[2021-06-02 09:30:21,570] [basehttp.py:161] [basehttp:log_message] [INFO]- "GET /static/js/register1.js HTTP/1.1" 200 9483
[2021-06-02 09:30:21,574] [basehttp.py:161] [basehttp:log_message] [INFO]- "GET /static/js/vue-2.5.16.js HTTP/1.1" 200 289387
[2021-06-02 09:30:21,604] [basehttp.py:161] [basehttp:log_message] [INFO]- "GET /static/images/interval_line.png HTTP/1.1" 200 1123
[2021-06-02 09:30:21,605] [basehttp.py:161] [basehttp:log_message] [INFO]- "GET /static/images/icons02.png HTTP/1.1" 200 3935
[2021-06-02 09:30:21,607] [basehttp.py:161] [basehttp:log_message] [INFO]- "GET /static/images/register_banner.png HTTP/1.1" 200 54894
[2021-06-02 09:30:21,757] [basehttp.py:161] [basehttp:log_message] [INFO]- "GET /image_codes/35ff22f0-ca0f-4648-9ab2-72fb7894a0af/ HTTP/1.1" 200 2864
[2021-06-02 09:30:26,696] [basehttp.py:161] [basehttp:log_message] [INFO]- "GET /mobiles/15116340630/count/ HTTP/1.1" 200 23
[2021-06-02 09:30:30,635] [basehttp.py:161] [basehttp:log_message] [INFO]- "GET /mobiles/15116340631/count/ HTTP/1.1" 200 23
[2021-06-02 09:31:24,083] [basehttp.py:161] [basehttp:log_message] [INFO]- "GET /mobiles/15116340632/count/ HTTP/1.1" 200 23
[2021-06-02 09:50:12,953] [basehttp.py:161] [basehttp:log_message] [INFO]- "GET /mobiles/15116340632/count/ HTTP/1.1" 200 23
[2021-06-02 09:50:17,522] [basehttp.py:161] [basehttp:log_message] [INFO]- "GET /mobiles/15116340632/count/ HTTP/1.1" 200 23
[2021-06-02 09:50:23,352] [basehttp.py:161] [basehttp:log_message] [INFO]- "GET /mobiles/15116340632/count/ HTTP/1.1" 200 23
[2021-06-02 09:50:26,035] [basehttp.py:161] [basehttp:log_message] [INFO]- "GET /register/ HTTP/1.1" 200 3739
[2021-06-02 09:50:26,101] [basehttp.py:161] [basehttp:log_message] [INFO]- "GET /static/css/reset.css HTTP/1.1" 200 638
[2021-06-02 09:50:26,105] [basehttp.py:161] [basehttp:log_message] [INFO]- "GET /static/js/axios-0.18.0.min.js HTTP/1.1" 200 12913
[2021-06-02 09:50:26,105] [basehttp.py:161] [basehttp:log_message] [INFO]- "GET /static/css/main.css HTTP/1.1" 200 39722
[2021-06-02 09:50:26,122] [basehttp.py:161] [basehttp:log_message] [INFO]- "GET /static/js/register1.js HTTP/1.1" 200 9483
[2021-06-02 09:50:26,132] [basehttp.py:161] [basehttp:log_message] [INFO]- "GET /static/images/logo.png HTTP/1.1" 200 7450
[2021-06-02 09:50:26,137] [basehttp.py:161] [basehttp:log_message] [INFO]- "GET /static/js/vue-2.5.16.js HTTP/1.1" 200 289387
[2021-06-02 09:50:26,172] [basehttp.py:161] [basehttp:log_message] [INFO]- "GET /static/images/interval_line.png HTTP/1.1" 200 1123
[2021-06-02 09:50:26,172] [basehttp.py:161] [basehttp:log_message] [INFO]- "GET /static/images/icons02.png HTTP/1.1" 200 3935
[2021-06-02 09:50:26,176] [basehttp.py:161] [basehttp:log_message] [INFO]- "GET /static/images/register_banner.png HTTP/1.1" 200 54894
[2021-06-02 09:50:26,237] [basehttp.py:161] [basehttp:log_message] [INFO]- "GET /image_codes/67e07c9f-e94b-44f4-b835-858fc97f43c3/ HTTP/1.1" 200 3737
[2021-06-02 09:50:32,510] [basehttp.py:161] [basehttp:log_message] [INFO]- "GET /mobiles/15116340621/count/ HTTP/1.1" 200 23
[2021-06-02 09:55:38,868] [basehttp.py:161] [basehttp:log_message] [INFO]- "GET /register/ HTTP/1.1" 200 3730
[2021-06-02 09:55:38,900] [basehttp.py:161] [basehttp:log_message] [INFO]- "GET /static/css/reset.css HTTP/1.1" 200 638
[2021-06-02 09:55:38,903] [basehttp.py:161] [basehttp:log_message] [INFO]- "GET /static/css/main.css HTTP/1.1" 200 39722
[2021-06-02 09:55:38,910] [basehttp.py:161] [basehttp:log_message] [INFO]- "GET /static/js/axios-0.18.0.min.js HTTP/1.1" 200 12913
[2021-06-02 09:55:38,917] [basehttp.py:161] [basehttp:log_message] [INFO]- "GET /static/js/register1.js HTTP/1.1" 200 9483
[2021-06-02 09:55:38,925] [basehttp.py:161] [basehttp:log_message] [INFO]- "GET /static/images/logo.png HTTP/1.1" 200 7450
[2021-06-02 09:55:38,929] [basehttp.py:161] [basehttp:log_message] [INFO]- "GET /static/js/vue-2.5.16.js HTTP/1.1" 200 289387
[2021-06-02 09:55:38,962] [basehttp.py:161] [basehttp:log_message] [INFO]- "GET /static/images/interval_line.png HTTP/1.1" 200 1123
[2021-06-02 09:55:38,966] [basehttp.py:161] [basehttp:log_message] [INFO]- "GET /static/images/icons02.png HTTP/1.1" 200 3935
[2021-06-02 09:55:38,972] [basehttp.py:161] [basehttp:log_message] [INFO]- "GET /static/images/register_banner.png HTTP/1.1" 200 54894
[2021-06-02 09:55:39,023] [basehttp.py:161] [basehttp:log_message] [INFO]- "GET /image_codes/dd8f8002-8d69-4284-ac2f-0315eb5b1dcf/ HTTP/1.1" 200 3245
[2021-06-02 09:55:47,662] [basehttp.py:161] [basehttp:log_message] [INFO]- "GET /mobiles/15116311111/count/ HTTP/1.1" 200 23
[2021-06-02 09:55:50,594] [basehttp.py:161] [basehttp:log_message] [INFO]- "GET /mobiles/15116311112/count/ HTTP/1.1" 200 23
[2021-06-02 10:04:39,790] [basehttp.py:161] [basehttp:log_message] [INFO]- "GET /register/ HTTP/1.1" 200 3731
[2021-06-02 10:04:39,826] [basehttp.py:161] [basehttp:log_message] [INFO]- "GET /static/css/reset.css HTTP/1.1" 200 638
[2021-06-02 10:04:39,832] [basehttp.py:161] [basehttp:log_message] [INFO]- "GET /static/css/main.css HTTP/1.1" 200 39722
[2021-06-02 10:04:39,833] [basehttp.py:161] [basehttp:log_message] [INFO]- "GET /static/js/axios-0.18.0.min.js HTTP/1.1" 200 12913
[2021-06-02 10:04:39,848] [basehttp.py:161] [basehttp:log_message] [INFO]- "GET /static/js/register1.js HTTP/1.1" 200 9483
[2021-06-02 10:04:39,856] [basehttp.py:161] [basehttp:log_message] [INFO]- "GET /static/images/logo.png HTTP/1.1" 200 7450
[2021-06-02 10:04:39,859] [basehttp.py:161] [basehttp:log_message] [INFO]- "GET /static/js/vue-2.5.16.js HTTP/1.1" 200 289387
[2021-06-02 10:04:39,898] [basehttp.py:161] [basehttp:log_message] [INFO]- "GET /static/images/interval_line.png HTTP/1.1" 200 1123
[2021-06-02 10:04:39,899] [basehttp.py:161] [basehttp:log_message] [INFO]- "GET /static/images/icons02.png HTTP/1.1" 200 3935
[2021-06-02 10:04:39,903] [basehttp.py:161] [basehttp:log_message] [INFO]- "GET /static/images/register_banner.png HTTP/1.1" 200 54894
[2021-06-02 10:04:39,965] [basehttp.py:161] [basehttp:log_message] [INFO]- "GET /image_codes/0e8820c8-be7f-49f6-a0b8-05aa85e8e540/ HTTP/1.1" 200 3446
[2021-06-02 10:04:44,119] [basehttp.py:161] [basehttp:log_message] [INFO]- "GET /mobiles/15116340621/count/ HTTP/1.1" 200 23
[2021-06-02 10:05:15,580] [log.py:224] [log:log_response] [WARNING]- Not Found: /sms_codes/15116340621/
[2021-06-02 10:05:15,585] [basehttp.py:161] [basehttp:log_message] [WARNING]- "GET /sms_codes/15116340621/?image_code=ds&image_code_id=0e8820c8-be7f-49f6-a0b8-05aa85e8e540 HTTP/1.1" 404 3114
[2021-06-02 10:05:15,588] [basehttp.py:161] [basehttp:log_message] [INFO]- "GET /mobiles/15116340621/count/ HTTP/1.1" 200 23
[2021-06-02 10:07:52,555] [basehttp.py:161] [basehttp:log_message] [INFO]- "GET /register/ HTTP/1.1" 200 3731
[2021-06-02 10:07:52,588] [basehttp.py:161] [basehttp:log_message] [INFO]- "GET /static/css/reset.css HTTP/1.1" 200 638
[2021-06-02 10:07:52,591] [basehttp.py:161] [basehttp:log_message] [INFO]- "GET /static/js/axios-0.18.0.min.js HTTP/1.1" 200 12913
[2021-06-02 10:07:52,593] [basehttp.py:161] [basehttp:log_message] [INFO]- "GET /static/css/main.css HTTP/1.1" 200 39722
[2021-06-02 10:07:52,606] [basehttp.py:161] [basehttp:log_message] [INFO]- "GET /static/js/register1.js HTTP/1.1" 200 9483
[2021-06-02 10:07:52,619] [basehttp.py:161] [basehttp:log_message] [INFO]- "GET /static/images/logo.png HTTP/1.1" 200 7450
[2021-06-02 10:07:52,623] [basehttp.py:161] [basehttp:log_message] [INFO]- "GET /static/js/vue-2.5.16.js HTTP/1.1" 200 289387
[2021-06-02 10:07:52,656] [basehttp.py:161] [basehttp:log_message] [INFO]- "GET /static/images/interval_line.png HTTP/1.1" 200 1123
[2021-06-02 10:07:52,660] [basehttp.py:161] [basehttp:log_message] [INFO]- "GET /static/images/icons02.png HTTP/1.1" 200 3935
[2021-06-02 10:07:52,666] [basehttp.py:161] [basehttp:log_message] [INFO]- "GET /static/images/register_banner.png HTTP/1.1" 200 54894
[2021-06-02 10:07:59,627] [basehttp.py:161] [basehttp:log_message] [INFO]- "GET /register/ HTTP/1.1" 200 3731
[2021-06-02 10:07:59,653] [basehttp.py:161] [basehttp:log_message] [INFO]- "GET /static/css/reset.css HTTP/1.1" 200 638
[2021-06-02 10:07:59,654] [basehttp.py:161] [basehttp:log_message] [INFO]- "GET /static/js/axios-0.18.0.min.js HTTP/1.1" 200 12913
[2021-06-02 10:07:59,656] [basehttp.py:161] [basehttp:log_message] [INFO]- "GET /static/css/main.css HTTP/1.1" 200 39722
[2021-06-02 10:07:59,665] [basehttp.py:161] [basehttp:log_message] [INFO]- "GET /static/js/register1.js HTTP/1.1" 200 9483
[2021-06-02 10:07:59,668] [basehttp.py:161] [basehttp:log_message] [INFO]- "GET /static/js/vue-2.5.16.js HTTP/1.1" 200 289387
[2021-06-02 10:07:59,677] [basehttp.py:161] [basehttp:log_message] [INFO]- "GET /static/images/logo.png HTTP/1.1" 200 7450
[2021-06-02 10:07:59,700] [basehttp.py:161] [basehttp:log_message] [INFO]- "GET /static/images/icons02.png HTTP/1.1" 200 3935
[2021-06-02 10:07:59,701] [basehttp.py:161] [basehttp:log_message] [INFO]- "GET /static/images/interval_line.png HTTP/1.1" 200 1123
[2021-06-02 10:07:59,705] [basehttp.py:161] [basehttp:log_message] [INFO]- "GET /static/images/register_banner.png HTTP/1.1" 200 54894
[2021-06-02 10:07:59,752] [basehttp.py:161] [basehttp:log_message] [INFO]- "GET /image_codes/e99206b3-9ea6-4b3b-a799-9257293df365/ HTTP/1.1" 200 3137
[2021-06-02 10:08:04,135] [basehttp.py:161] [basehttp:log_message] [INFO]- "GET /mobiles/15116311113/count/ HTTP/1.1" 200 23
[2021-06-02 10:08:27,082] [log.py:224] [log:log_response] [WARNING]- Not Found: /sms_codes/15116311113/
[2021-06-02 10:08:27,085] [basehttp.py:161] [basehttp:log_message] [WARNING]- "GET /sms_codes/15116311113/?image_code=3n3d&image_code_id=e99206b3-9ea6-4b3b-a799-9257293df365 HTTP/1.1" 404 3116
[2021-06-02 10:08:27,087] [basehttp.py:161] [basehttp:log_message] [INFO]- "GET /mobiles/15116311113/count/ HTTP/1.1" 200 23
[2021-06-02 10:17:14,836] [basehttp.py:161] [basehttp:log_message] [INFO]- "GET /register/ HTTP/1.1" 200 3731
[2021-06-02 10:17:14,865] [basehttp.py:161] [basehttp:log_message] [INFO]- "GET /static/css/reset.css HTTP/1.1" 200 638
[2021-06-02 10:17:14,867] [basehttp.py:161] [basehttp:log_message] [INFO]- "GET /static/js/axios-0.18.0.min.js HTTP/1.1" 200 12913
[2021-06-02 10:17:14,869] [basehttp.py:161] [basehttp:log_message] [INFO]- "GET /static/css/main.css HTTP/1.1" 200 39722
[2021-06-02 10:17:14,883] [basehttp.py:161] [basehttp:log_message] [INFO]- "GET /static/js/register1.js HTTP/1.1" 200 9483
[2021-06-02 10:17:14,895] [basehttp.py:161] [basehttp:log_message] [INFO]- "GET /static/images/logo.png HTTP/1.1" 200 7450
[2021-06-02 10:17:14,897] [basehttp.py:161] [basehttp:log_message] [INFO]- "GET /static/js/vue-2.5.16.js HTTP/1.1" 200 289387
[2021-06-02 10:17:14,930] [basehttp.py:161] [basehttp:log_message] [INFO]- "GET /static/images/icons02.png HTTP/1.1" 200 3935
[2021-06-02 10:17:14,931] [basehttp.py:161] [basehttp:log_message] [INFO]- "GET /static/images/interval_line.png HTTP/1.1" 200 1123
[2021-06-02 10:17:14,934] [basehttp.py:161] [basehttp:log_message] [INFO]- "GET /static/images/register_banner.png HTTP/1.1" 200 54894
[2021-06-02 10:17:14,982] [basehttp.py:161] [basehttp:log_message] [INFO]- "GET /image_codes/048b316e-9da1-4fb7-88fc-9edb42681c0f/ HTTP/1.1" 200 3330
[2021-06-02 10:17:18,259] [basehttp.py:161] [basehttp:log_message] [INFO]- "GET /mobiles/15116311113/count/ HTTP/1.1" 200 23
[2021-06-02 10:18:22,038] [autoreload.py:250] [autoreload:trigger_reload] [INFO]- E:\djangoProject\djangoProject\meiduo_project\apps\verification\views.py changed, reloading.
[2021-06-02 10:18:23,664] [autoreload.py:636] [autoreload:run_with_reloader] [INFO]- Watching for file changes with StatReloader
[2021-06-02 10:19:44,177] [log.py:224] [log:log_response] [WARNING]- Not Found: /sms_codes/15116311113/
[2021-06-02 10:19:44,178] [basehttp.py:161] [basehttp:log_message] [WARNING]- "GET /sms_codes/15116311113/?image_code=qdss&image_code_id=048b316e-9da1-4fb7-88fc-9edb42681c0f HTTP/1.1" 404 3116
[2021-06-02 10:19:44,182] [basehttp.py:161] [basehttp:log_message] [INFO]- "GET /mobiles/15116311113/count/ HTTP/1.1" 200 23
[2021-06-02 10:20:04,704] [autoreload.py:250] [autoreload:trigger_reload] [INFO]- E:\djangoProject\djangoProject\meiduo_project\apps\verification\views.py changed, reloading.
[2021-06-02 10:20:06,441] [autoreload.py:636] [autoreload:run_with_reloader] [INFO]- Watching for file changes with StatReloader
[2021-06-02 10:20:46,549] [autoreload.py:250] [autoreload:trigger_reload] [INFO]- E:\djangoProject\djangoProject\meiduo_project\apps\verification\views.py changed, reloading.
[2021-06-02 10:20:48,062] [autoreload.py:636] [autoreload:run_with_reloader] [INFO]- Watching for file changes with StatReloader
[2021-06-02 10:21:19,005] [basehttp.py:161] [basehttp:log_message] [INFO]- "GET /register/ HTTP/1.1" 200 3731
[2021-06-02 10:21:19,034] [basehttp.py:161] [basehttp:log_message] [INFO]- "GET /static/css/reset.css HTTP/1.1" 200 638
[2021-06-02 10:21:19,035] [basehttp.py:161] [basehttp:log_message] [INFO]- "GET /static/js/axios-0.18.0.min.js HTTP/1.1" 200 12913
[2021-06-02 10:21:19,044] [basehttp.py:161] [basehttp:log_message] [INFO]- "GET /static/css/main.css HTTP/1.1" 200 39722
[2021-06-02 10:21:19,053] [basehttp.py:161] [basehttp:log_message] [INFO]- "GET /static/js/register1.js HTTP/1.1" 200 9483
[2021-06-02 10:21:19,064] [basehttp.py:161] [basehttp:log_message] [INFO]- "GET /static/images/logo.png HTTP/1.1" 200 7450
[2021-06-02 10:21:19,066] [basehttp.py:161] [basehttp:log_message] [INFO]- "GET /static/js/vue-2.5.16.js HTTP/1.1" 200 289387
[2021-06-02 10:21:19,090] [basehttp.py:161] [basehttp:log_message] [INFO]- "GET /static/images/interval_line.png HTTP/1.1" 200 1123
[2021-06-02 10:21:19,090] [basehttp.py:161] [basehttp:log_message] [INFO]- "GET /static/images/icons02.png HTTP/1.1" 200 3935
[2021-06-02 10:21:19,094] [basehttp.py:161] [basehttp:log_message] [INFO]- "GET /static/images/register_banner.png HTTP/1.1" 200 54894
[2021-06-02 10:21:19,185] [basehttp.py:161] [basehttp:log_message] [INFO]- "GET /image_codes/56fd1493-4e07-48b2-b361-53fbc599976d/ HTTP/1.1" 200 3240
[2021-06-02 10:21:22,818] [basehttp.py:161] [basehttp:log_message] [INFO]- "GET /mobiles/15116311114/count/ HTTP/1.1" 200 23
[2021-06-02 10:21:38,924] [basehttp.py:161] [basehttp:log_message] [INFO]- "GET /mobiles/15116311114/count/ HTTP/1.1" 200 23
[2021-06-02 10:21:38,932] [log.py:224] [log:log_response] [WARNING]- Not Found: /sms_codes/15116311114/
[2021-06-02 10:21:38,934] [basehttp.py:161] [basehttp:log_message] [WARNING]- "GET /sms_codes/15116311114/?image_code=ssss&image_code_id=56fd1493-4e07-48b2-b361-53fbc599976d HTTP/1.1" 404 3116
[2021-06-02 10:23:31,556] [autoreload.py:250] [autoreload:trigger_reload] [INFO]- E:\djangoProject\djangoProject\meiduo_project\apps\verification\urls.py changed, reloading.
[2021-06-02 10:23:33,193] [autoreload.py:636] [autoreload:run_with_reloader] [INFO]- Watching for file changes with StatReloader
[2021-06-02 10:23:48,829] [basehttp.py:161] [basehttp:log_message] [INFO]- "GET /register/ HTTP/1.1" 200 3731
[2021-06-02 10:23:48,860] [basehttp.py:161] [basehttp:log_message] [INFO]- "GET /static/css/reset.css HTTP/1.1" 200 638
[2021-06-02 10:23:48,863] [basehttp.py:161] [basehttp:log_message] [INFO]- "GET /static/css/main.css HTTP/1.1" 200 39722
[2021-06-02 10:23:48,869] [basehttp.py:161] [basehttp:log_message] [INFO]- "GET /static/js/axios-0.18.0.min.js HTTP/1.1" 200 12913
[2021-06-02 10:23:48,884] [basehttp.py:161] [basehttp:log_message] [INFO]- "GET /static/js/register1.js HTTP/1.1" 200 9483
[2021-06-02 10:23:48,894] [basehttp.py:161] [basehttp:log_message] [INFO]- "GET /static/images/logo.png HTTP/1.1" 200 7450
[2021-06-02 10:23:48,900] [basehttp.py:161] [basehttp:log_message] [INFO]- "GET /static/js/vue-2.5.16.js HTTP/1.1" 200 289387
[2021-06-02 10:23:48,924] [basehttp.py:161] [basehttp:log_message] [INFO]- "GET /static/images/icons02.png HTTP/1.1" 200 3935
[2021-06-02 10:23:48,924] [basehttp.py:161] [basehttp:log_message] [INFO]- "GET /static/images/interval_line.png HTTP/1.1" 200 1123
[2021-06-02 10:23:48,928] [basehttp.py:161] [basehttp:log_message] [INFO]- "GET /static/images/register_banner.png HTTP/1.1" 200 54894
[2021-06-02 10:23:49,032] [basehttp.py:161] [basehttp:log_message] [INFO]- "GET /image_codes/b46053df-80da-488a-bb7c-2332ff153998/ HTTP/1.1" 200 2761
[2021-06-02 10:23:53,083] [basehttp.py:161] [basehttp:log_message] [INFO]- "GET /mobiles/15116340631/count/ HTTP/1.1" 200 23
[2021-06-02 10:23:55,642] [basehttp.py:161] [basehttp:log_message] [INFO]- "GET /mobiles/15116340632/count/ HTTP/1.1" 200 23
[2021-06-02 10:41:48,226] [autoreload.py:250] [autoreload:trigger_reload] [INFO]- E:\djangoProject\djangoProject\meiduo_project\apps\verification\views.py changed, reloading.
[2021-06-02 10:41:49,790] [autoreload.py:636] [autoreload:run_with_reloader] [INFO]- Watching for file changes with StatReloader
[2021-06-02 10:42:07,541] [autoreload.py:250] [autoreload:trigger_reload] [INFO]- E:\djangoProject\djangoProject\meiduo_project\apps\verification\views.py changed, reloading.
[2021-06-02 10:42:09,421] [autoreload.py:636] [autoreload:run_with_reloader] [INFO]- Watching for file changes with StatReloader
[2021-06-02 10:43:13,108] [autoreload.py:636] [autoreload:run_with_reloader] [INFO]- Watching for file changes with StatReloader
[2021-06-02 10:43:13,638] [basehttp.py:161] [basehttp:log_message] [INFO]- "GET / HTTP/1.1" 200 20048
[2021-06-02 10:43:18,424] [basehttp.py:161] [basehttp:log_message] [INFO]- "GET /register/ HTTP/1.1" 200 3731
[2021-06-02 10:43:18,454] [basehttp.py:161] [basehttp:log_message] [INFO]- "GET /static/css/reset.css HTTP/1.1" 200 638
[2021-06-02 10:43:18,457] [basehttp.py:161] [basehttp:log_message] [INFO]- "GET /static/js/axios-0.18.0.min.js HTTP/1.1" 200 12913
[2021-06-02 10:43:18,460] [basehttp.py:161] [basehttp:log_message] [INFO]- "GET /static/css/main.css HTTP/1.1" 200 39722
[2021-06-02 10:43:18,471] [basehttp.py:161] [basehttp:log_message] [INFO]- "GET /static/js/register1.js HTTP/1.1" 200 9483
[2021-06-02 10:43:18,482] [basehttp.py:161] [basehttp:log_message] [INFO]- "GET /static/images/logo.png HTTP/1.1" 200 7450
[2021-06-02 10:43:18,485] [basehttp.py:161] [basehttp:log_message] [INFO]- "GET /static/js/vue-2.5.16.js HTTP/1.1" 200 289387
[2021-06-02 10:43:18,506] [basehttp.py:161] [basehttp:log_message] [INFO]- "GET /static/images/interval_line.png HTTP/1.1" 200 1123
[2021-06-02 10:43:18,507] [basehttp.py:161] [basehttp:log_message] [INFO]- "GET /static/images/icons02.png HTTP/1.1" 200 3935
[2021-06-02 10:43:18,509] [basehttp.py:161] [basehttp:log_message] [INFO]- "GET /static/images/register_banner.png HTTP/1.1" 200 54894
[2021-06-02 10:43:18,590] [basehttp.py:161] [basehttp:log_message] [INFO]- "GET /image_codes/74016720-5213-47de-ab59-e7e052732985/ HTTP/1.1" 200 3582
[2021-06-02 10:43:21,706] [basehttp.py:161] [basehttp:log_message] [INFO]- "GET /mobiles/15116311111/count/ HTTP/1.1" 200 23
[2021-06-02 10:43:24,020] [basehttp.py:161] [basehttp:log_message] [INFO]- "GET /mobiles/15116311112/count/ HTTP/1.1" 200 23
[2021-06-02 10:43:42,990] [basehttp.py:161] [basehttp:log_message] [INFO]- "GET /mobiles/15116311112/count/ HTTP/1.1" 200 23
[2021-06-02 10:44:04,478] [log.py:224] [log:log_response] [ERROR]- Internal Server Error: /sms_codes/15116311112/
Traceback (most recent call last):
  File "D:\python\lib\site-packages\django\core\handlers\exception.py", line 47, in inner
    response = get_response(request)
  File "D:\python\lib\site-packages\django\core\handlers\base.py", line 181, in _get_response
    response = wrapped_callback(request, *callback_args, **callback_kwargs)
  File "D:\python\lib\site-packages\django\views\generic\base.py", line 70, in view
    return self.dispatch(request, *args, **kwargs)
  File "D:\python\lib\site-packages\django\views\generic\base.py", line 98, in dispatch
    return handler(request, *args, **kwargs)
  File "E:\djangoProject\djangoProject\meiduo_project\apps\verification\views.py", line 24, in get
    image_code = request.Get.get('image_code')
AttributeError: 'WSGIRequest' object has no attribute 'Get'
[2021-06-02 10:44:08,197] [basehttp.py:161] [basehttp:log_message] [ERROR]- "GET /sms_codes/15116311112/?image_code=sdss&image_code_id=74016720-5213-47de-ab59-e7e052732985 HTTP/1.1" 500 81016
[2021-06-02 10:44:24,640] [basehttp.py:161] [basehttp:log_message] [INFO]- "GET /register/ HTTP/1.1" 200 3731
[2021-06-02 10:44:24,666] [basehttp.py:161] [basehttp:log_message] [INFO]- "GET /static/css/reset.css HTTP/1.1" 200 638
[2021-06-02 10:44:24,670] [basehttp.py:161] [basehttp:log_message] [INFO]- "GET /static/css/main.css HTTP/1.1" 200 39722
[2021-06-02 10:44:24,674] [basehttp.py:161] [basehttp:log_message] [INFO]- "GET /static/js/axios-0.18.0.min.js HTTP/1.1" 200 12913
[2021-06-02 10:44:24,684] [basehttp.py:161] [basehttp:log_message] [INFO]- "GET /static/js/register1.js HTTP/1.1" 200 9483
[2021-06-02 10:44:24,694] [basehttp.py:161] [basehttp:log_message] [INFO]- "GET /static/images/logo.png HTTP/1.1" 200 7450
[2021-06-02 10:44:24,696] [basehttp.py:161] [basehttp:log_message] [INFO]- "GET /static/js/vue-2.5.16.js HTTP/1.1" 200 289387
[2021-06-02 10:44:24,725] [basehttp.py:161] [basehttp:log_message] [INFO]- "GET /static/images/interval_line.png HTTP/1.1" 200 1123
[2021-06-02 10:44:24,726] [basehttp.py:161] [basehttp:log_message] [INFO]- "GET /static/images/icons02.png HTTP/1.1" 200 3935
[2021-06-02 10:44:24,730] [basehttp.py:161] [basehttp:log_message] [INFO]- "GET /static/images/register_banner.png HTTP/1.1" 200 54894
[2021-06-02 10:44:24,771] [basehttp.py:161] [basehttp:log_message] [INFO]- "GET /image_codes/43a8a7b6-9542-45a7-9a5d-f2ddee6c36f7/ HTTP/1.1" 200 3035
[2021-06-02 10:44:27,637] [basehttp.py:161] [basehttp:log_message] [INFO]- "GET /mobiles/15116340621/count/ HTTP/1.1" 200 23
[2021-06-02 10:44:35,377] [basehttp.py:161] [basehttp:log_message] [INFO]- "GET /mobiles/15116340621/count/ HTTP/1.1" 200 23
[2021-06-02 10:46:39,289] [log.py:224] [log:log_response] [ERROR]- Internal Server Error: /sms_codes/15116340621/
Traceback (most recent call last):
  File "D:\python\lib\site-packages\django\core\handlers\exception.py", line 47, in inner
    response = get_response(request)
  File "D:\python\lib\site-packages\django\core\handlers\base.py", line 181, in _get_response
    response = wrapped_callback(request, *callback_args, **callback_kwargs)
  File "D:\python\lib\site-packages\django\views\generic\base.py", line 70, in view
    return self.dispatch(request, *args, **kwargs)
  File "D:\python\lib\site-packages\django\views\generic\base.py", line 98, in dispatch
    return handler(request, *args, **kwargs)
  File "E:\djangoProject\djangoProject\meiduo_project\apps\verification\views.py", line 24, in get
    image_code = request.Get.get('image_code')
AttributeError: 'WSGIRequest' object has no attribute 'Get'
[2021-06-02 10:46:39,301] [basehttp.py:161] [basehttp:log_message] [ERROR]- "GET /sms_codes/15116340621/?image_code=sszz&image_code_id=43a8a7b6-9542-45a7-9a5d-f2ddee6c36f7 HTTP/1.1" 500 81016
[2021-06-02 10:47:04,931] [autoreload.py:250] [autoreload:trigger_reload] [INFO]- E:\djangoProject\djangoProject\meiduo_project\apps\verification\views.py changed, reloading.
[2021-06-02 10:47:06,680] [autoreload.py:636] [autoreload:run_with_reloader] [INFO]- Watching for file changes with StatReloader
[2021-06-02 10:47:16,680] [basehttp.py:161] [basehttp:log_message] [INFO]- "GET /register/ HTTP/1.1" 200 3731
[2021-06-02 10:47:16,716] [basehttp.py:161] [basehttp:log_message] [INFO]- "GET /static/css/reset.css HTTP/1.1" 200 638
[2021-06-02 10:47:16,719] [basehttp.py:161] [basehttp:log_message] [INFO]- "GET /static/js/axios-0.18.0.min.js HTTP/1.1" 200 12913
[2021-06-02 10:47:16,725] [basehttp.py:161] [basehttp:log_message] [INFO]- "GET /static/css/main.css HTTP/1.1" 200 39722
[2021-06-02 10:47:16,732] [basehttp.py:161] [basehttp:log_message] [INFO]- "GET /static/js/register1.js HTTP/1.1" 200 9483
[2021-06-02 10:47:16,739] [basehttp.py:161] [basehttp:log_message] [INFO]- "GET /static/images/logo.png HTTP/1.1" 200 7450
[2021-06-02 10:47:16,742] [basehttp.py:161] [basehttp:log_message] [INFO]- "GET /static/js/vue-2.5.16.js HTTP/1.1" 200 289387
[2021-06-02 10:47:16,775] [basehttp.py:161] [basehttp:log_message] [INFO]- "GET /static/images/icons02.png HTTP/1.1" 200 3935
[2021-06-02 10:47:16,777] [basehttp.py:161] [basehttp:log_message] [INFO]- "GET /static/images/interval_line.png HTTP/1.1" 200 1123
[2021-06-02 10:47:16,784] [basehttp.py:161] [basehttp:log_message] [INFO]- "GET /static/images/register_banner.png HTTP/1.1" 200 54894
[2021-06-02 10:47:16,885] [basehttp.py:161] [basehttp:log_message] [INFO]- "GET /image_codes/c3a4ba61-0d84-4971-b565-52fb5b0d9d42/ HTTP/1.1" 200 2901
[2021-06-02 10:47:19,577] [basehttp.py:161] [basehttp:log_message] [INFO]- "GET /mobiles/15116340621/count/ HTTP/1.1" 200 23
[2021-06-02 10:47:25,355] [basehttp.py:161] [basehttp:log_message] [INFO]- "GET /mobiles/15116340621/count/ HTTP/1.1" 200 23
[2021-06-02 10:49:27,187] [basehttp.py:161] [basehttp:log_message] [INFO]- "GET /sms_codes/15116340621/?image_code=dfsd&image_code_id=c3a4ba61-0d84-4971-b565-52fb5b0d9d42 HTTP/1.1" 200 62
[2021-06-02 10:49:43,682] [basehttp.py:161] [basehttp:log_message] [INFO]- "GET /image_codes/076359d1-4933-4aae-9b77-ce24852249b1/ HTTP/1.1" 200 3084
[2021-06-02 10:50:17,286] [autoreload.py:250] [autoreload:trigger_reload] [INFO]- E:\djangoProject\djangoProject\meiduo_project\apps\verification\views.py changed, reloading.
[2021-06-02 10:50:18,981] [autoreload.py:636] [autoreload:run_with_reloader] [INFO]- Watching for file changes with StatReloader
[2021-06-02 10:50:35,989] [basehttp.py:161] [basehttp:log_message] [INFO]- "GET /register/ HTTP/1.1" 200 3731
[2021-06-02 10:50:36,027] [basehttp.py:161] [basehttp:log_message] [INFO]- "GET /static/css/reset.css HTTP/1.1" 200 638
[2021-06-02 10:50:36,031] [basehttp.py:161] [basehttp:log_message] [INFO]- "GET /static/js/axios-0.18.0.min.js HTTP/1.1" 200 12913
[2021-06-02 10:50:36,032] [basehttp.py:161] [basehttp:log_message] [INFO]- "GET /static/css/main.css HTTP/1.1" 200 39722
[2021-06-02 10:50:36,047] [basehttp.py:161] [basehttp:log_message] [INFO]- "GET /static/js/register1.js HTTP/1.1" 200 9483
[2021-06-02 10:50:36,056] [basehttp.py:161] [basehttp:log_message] [INFO]- "GET /static/images/logo.png HTTP/1.1" 200 7450
[2021-06-02 10:50:36,060] [basehttp.py:161] [basehttp:log_message] [INFO]- "GET /static/js/vue-2.5.16.js HTTP/1.1" 200 289387
[2021-06-02 10:50:36,099] [basehttp.py:161] [basehttp:log_message] [INFO]- "GET /static/images/icons02.png HTTP/1.1" 200 3935
[2021-06-02 10:50:36,100] [basehttp.py:161] [basehttp:log_message] [INFO]- "GET /static/images/interval_line.png HTTP/1.1" 200 1123
[2021-06-02 10:50:36,106] [basehttp.py:161] [basehttp:log_message] [INFO]- "GET /static/images/register_banner.png HTTP/1.1" 200 54894
[2021-06-02 10:50:36,203] [basehttp.py:161] [basehttp:log_message] [INFO]- "GET /image_codes/f46552d8-0cab-4d61-8365-cb24af2d861b/ HTTP/1.1" 200 3172
[2021-06-02 10:50:39,197] [basehttp.py:161] [basehttp:log_message] [INFO]- "GET /mobiles/15116340631/count/ HTTP/1.1" 200 23
[2021-06-02 10:50:41,114] [basehttp.py:161] [basehttp:log_message] [INFO]- "GET /mobiles/15116340634/count/ HTTP/1.1" 200 23
[2021-06-02 10:50:47,615] [basehttp.py:161] [basehttp:log_message] [INFO]- "GET /mobiles/15116340634/count/ HTTP/1.1" 200 23
[2021-06-02 10:55:18,563] [autoreload.py:636] [autoreload:run_with_reloader] [INFO]- Watching for file changes with StatReloader
[2021-06-02 10:55:19,092] [basehttp.py:161] [basehttp:log_message] [INFO]- "GET / HTTP/1.1" 200 20048
[2021-06-02 10:55:21,959] [basehttp.py:161] [basehttp:log_message] [INFO]- "GET /register/ HTTP/1.1" 200 3731
[2021-06-02 10:55:22,519] [basehttp.py:161] [basehttp:log_message] [INFO]- "GET /image_codes/8eae43f1-9d77-40d4-9bc7-cd9dfddb96c0/ HTTP/1.1" 200 3284
[2021-06-02 10:55:28,210] [basehttp.py:161] [basehttp:log_message] [INFO]- "GET /mobiles/15116311113/count/ HTTP/1.1" 200 23
[2021-06-02 10:55:38,253] [basehttp.py:161] [basehttp:log_message] [INFO]- "GET /mobiles/15116311113/count/ HTTP/1.1" 200 23
[2021-06-02 10:57:48,259] [basehttp.py:161] [basehttp:log_message] [INFO]- "GET /sms_codes/15116311113/?image_code=9adw&image_code_id=8eae43f1-9d77-40d4-9bc7-cd9dfddb96c0 HTTP/1.1" 200 31
[2021-06-02 10:58:33,932] [autoreload.py:636] [autoreload:run_with_reloader] [INFO]- Watching for file changes with StatReloader
[2021-06-02 10:58:34,522] [basehttp.py:161] [basehttp:log_message] [INFO]- "GET /register/ HTTP/1.1" 200 3731
[2021-06-02 10:58:34,559] [basehttp.py:161] [basehttp:log_message] [INFO]- "GET / HTTP/1.1" 200 20048
[2021-06-02 10:58:34,573] [basehttp.py:161] [basehttp:log_message] [INFO]- "GET /static/css/reset.css HTTP/1.1" 200 638
[2021-06-02 10:58:34,588] [basehttp.py:161] [basehttp:log_message] [INFO]- "GET /static/css/main.css HTTP/1.1" 200 39722
[2021-06-02 10:58:34,609] [basehttp.py:161] [basehttp:log_message] [INFO]- "GET /static/js/axios-0.18.0.min.js HTTP/1.1" 200 12913
[2021-06-02 10:58:34,623] [basehttp.py:161] [basehttp:log_message] [INFO]- "GET /static/js/register1.js HTTP/1.1" 200 9483
[2021-06-02 10:58:34,632] [basehttp.py:161] [basehttp:log_message] [INFO]- "GET /static/js/vue-2.5.16.js HTTP/1.1" 200 289387
[2021-06-02 10:58:34,649] [basehttp.py:161] [basehttp:log_message] [INFO]- "GET /static/images/logo.png HTTP/1.1" 200 7450
[2021-06-02 10:58:34,697] [basehttp.py:161] [basehttp:log_message] [INFO]- "GET /static/images/interval_line.png HTTP/1.1" 200 1123
[2021-06-02 10:58:34,705] [basehttp.py:161] [basehttp:log_message] [INFO]- "GET /static/images/register_banner.png HTTP/1.1" 200 54894
[2021-06-02 10:58:34,741] [basehttp.py:161] [basehttp:log_message] [INFO]- "GET /static/images/icons02.png HTTP/1.1" 200 3935
[2021-06-02 10:58:34,815] [basehttp.py:161] [basehttp:log_message] [INFO]- "GET /image_codes/3856692c-7188-416a-a92d-4ed42c35c2a7/ HTTP/1.1" 200 3328
[2021-06-02 10:58:37,994] [basehttp.py:161] [basehttp:log_message] [INFO]- "GET /register/ HTTP/1.1" 200 3731
[2021-06-02 10:58:38,020] [basehttp.py:161] [basehttp:log_message] [INFO]- "GET /static/css/reset.css HTTP/1.1" 200 638
[2021-06-02 10:58:38,022] [basehttp.py:161] [basehttp:log_message] [INFO]- "GET /static/js/axios-0.18.0.min.js HTTP/1.1" 200 12913
[2021-06-02 10:58:38,025] [basehttp.py:161] [basehttp:log_message] [INFO]- "GET /static/css/main.css HTTP/1.1" 200 39722
[2021-06-02 10:58:38,038] [basehttp.py:161] [basehttp:log_message] [INFO]- "GET /static/js/register1.js HTTP/1.1" 200 9483
[2021-06-02 10:58:38,046] [basehttp.py:161] [basehttp:log_message] [INFO]- "GET /static/images/logo.png HTTP/1.1" 200 7450
[2021-06-02 10:58:38,053] [basehttp.py:161] [basehttp:log_message] [INFO]- "GET /static/js/vue-2.5.16.js HTTP/1.1" 200 289387
[2021-06-02 10:58:38,088] [basehttp.py:161] [basehttp:log_message] [INFO]- "GET /static/images/icons02.png HTTP/1.1" 200 3935
[2021-06-02 10:58:38,090] [basehttp.py:161] [basehttp:log_message] [INFO]- "GET /static/images/interval_line.png HTTP/1.1" 200 1123
[2021-06-02 10:58:38,095] [basehttp.py:161] [basehttp:log_message] [INFO]- "GET /static/images/register_banner.png HTTP/1.1" 200 54894
[2021-06-02 10:58:38,140] [basehttp.py:161] [basehttp:log_message] [INFO]- "GET /image_codes/d65ebbf6-511d-4add-bf36-bbd824486af4/ HTTP/1.1" 200 3279
[2021-06-02 10:58:42,109] [basehttp.py:161] [basehttp:log_message] [INFO]- "GET /mobiles/15116340630/count/ HTTP/1.1" 200 23
[2021-06-02 10:58:50,120] [basehttp.py:161] [basehttp:log_message] [INFO]- "GET /mobiles/15116340630/count/ HTTP/1.1" 200 23
[2021-06-02 10:59:10,774] [basehttp.py:161] [basehttp:log_message] [INFO]- "GET /sms_codes/15116340630/?image_code=vsfv&image_code_id=d65ebbf6-511d-4add-bf36-bbd824486af4 HTTP/1.1" 200 31
[2021-06-02 11:17:10,795] [autoreload.py:250] [autoreload:trigger_reload] [INFO]- E:\djangoProject\djangoProject\meiduo_project\apps\verification\views.py changed, reloading.
[2021-06-02 11:17:12,543] [autoreload.py:636] [autoreload:run_with_reloader] [INFO]- Watching for file changes with StatReloader
[2021-06-02 11:21:22,828] [autoreload.py:250] [autoreload:trigger_reload] [INFO]- E:\djangoProject\djangoProject\meiduo_project\apps\verification\views.py changed, reloading.
[2021-06-02 11:21:24,446] [autoreload.py:636] [autoreload:run_with_reloader] [INFO]- Watching for file changes with StatReloader
[2021-06-02 11:35:18,972] [autoreload.py:250] [autoreload:trigger_reload] [INFO]- E:\djangoProject\djangoProject\meiduo_project\apps\verification\views.py changed, reloading.
[2021-06-02 11:35:20,581] [autoreload.py:636] [autoreload:run_with_reloader] [INFO]- Watching for file changes with StatReloader
[2021-06-02 11:35:52,217] [autoreload.py:250] [autoreload:trigger_reload] [INFO]- E:\djangoProject\djangoProject\meiduo_project\apps\verification\views.py changed, reloading.
[2021-06-02 11:35:53,938] [autoreload.py:636] [autoreload:run_with_reloader] [INFO]- Watching for file changes with StatReloader
[2021-06-02 11:36:06,891] [autoreload.py:250] [autoreload:trigger_reload] [INFO]- E:\djangoProject\djangoProject\meiduo_project\apps\verification\views.py changed, reloading.
[2021-06-02 11:36:08,717] [autoreload.py:636] [autoreload:run_with_reloader] [INFO]- Watching for file changes with StatReloader
[2021-06-02 11:36:29,640] [autoreload.py:250] [autoreload:trigger_reload] [INFO]- E:\djangoProject\djangoProject\meiduo_project\apps\verification\views.py changed, reloading.
[2021-06-02 11:36:31,485] [autoreload.py:636] [autoreload:run_with_reloader] [INFO]- Watching for file changes with StatReloader
[2021-06-02 11:37:17,265] [autoreload.py:250] [autoreload:trigger_reload] [INFO]- E:\djangoProject\djangoProject\meiduo_project\apps\verification\views.py changed, reloading.
[2021-06-02 11:37:19,149] [autoreload.py:636] [autoreload:run_with_reloader] [INFO]- Watching for file changes with StatReloader
[2021-06-02 11:37:35,724] [autoreload.py:250] [autoreload:trigger_reload] [INFO]- E:\djangoProject\djangoProject\meiduo_project\apps\verification\views.py changed, reloading.
[2021-06-02 11:37:37,350] [autoreload.py:636] [autoreload:run_with_reloader] [INFO]- Watching for file changes with StatReloader
[2021-06-02 11:38:38,771] [autoreload.py:250] [autoreload:trigger_reload] [INFO]- E:\djangoProject\djangoProject\meiduo_project\apps\verification\views.py changed, reloading.
[2021-06-02 11:38:40,438] [autoreload.py:636] [autoreload:run_with_reloader] [INFO]- Watching for file changes with StatReloader
[2021-06-02 11:43:02,017] [basehttp.py:161] [basehttp:log_message] [INFO]- "GET /register/ HTTP/1.1" 200 3731
[2021-06-02 11:43:02,063] [basehttp.py:161] [basehttp:log_message] [INFO]- "GET /static/css/reset.css HTTP/1.1" 200 638
[2021-06-02 11:43:02,066] [basehttp.py:161] [basehttp:log_message] [INFO]- "GET /static/css/main.css HTTP/1.1" 200 39722
[2021-06-02 11:43:02,071] [basehttp.py:161] [basehttp:log_message] [INFO]- "GET /static/js/axios-0.18.0.min.js HTTP/1.1" 200 12913
[2021-06-02 11:43:02,081] [basehttp.py:161] [basehttp:log_message] [INFO]- "GET /static/js/register1.js HTTP/1.1" 200 9483
[2021-06-02 11:43:02,089] [basehttp.py:161] [basehttp:log_message] [INFO]- "GET /static/images/logo.png HTTP/1.1" 200 7450
[2021-06-02 11:43:02,090] [basehttp.py:161] [basehttp:log_message] [INFO]- "GET /static/js/vue-2.5.16.js HTTP/1.1" 200 289387
[2021-06-02 11:43:02,118] [basehttp.py:161] [basehttp:log_message] [INFO]- "GET /static/images/interval_line.png HTTP/1.1" 200 1123
[2021-06-02 11:43:02,120] [basehttp.py:161] [basehttp:log_message] [INFO]- "GET /static/images/icons02.png HTTP/1.1" 200 3935
[2021-06-02 11:43:02,124] [basehttp.py:161] [basehttp:log_message] [INFO]- "GET /static/images/register_banner.png HTTP/1.1" 200 54894
[2021-06-02 11:43:02,215] [basehttp.py:161] [basehttp:log_message] [INFO]- "GET /image_codes/be0b7689-023c-4f9d-914b-d8f614e4f496/ HTTP/1.1" 200 3253
[2021-06-02 11:43:04,691] [basehttp.py:161] [basehttp:log_message] [INFO]- "GET /mobiles/15116340621/count/ HTTP/1.1" 200 23
[2021-06-02 11:43:10,133] [basehttp.py:161] [basehttp:log_message] [INFO]- "GET /mobiles/15116340621/count/ HTTP/1.1" 200 23
[2021-06-02 11:43:24,704] [basehttp.py:161] [basehttp:log_message] [INFO]- "GET /sms_codes/15116340621/?image_code=p1z8&image_code_id=be0b7689-023c-4f9d-914b-d8f614e4f496 HTTP/1.1" 200 62
[2021-06-02 11:43:24,725] [basehttp.py:161] [basehttp:log_message] [INFO]- "GET /image_codes/87cd107f-3cc2-4d6d-9362-03a595257818/ HTTP/1.1" 200 2866
[2021-06-02 11:43:36,462] [basehttp.py:161] [basehttp:log_message] [INFO]- "GET /register/ HTTP/1.1" 200 3731
[2021-06-02 11:43:36,490] [basehttp.py:161] [basehttp:log_message] [INFO]- "GET /static/css/reset.css HTTP/1.1" 200 638
[2021-06-02 11:43:36,493] [basehttp.py:161] [basehttp:log_message] [INFO]- "GET /static/js/axios-0.18.0.min.js HTTP/1.1" 200 12913
[2021-06-02 11:43:36,495] [basehttp.py:161] [basehttp:log_message] [INFO]- "GET /static/css/main.css HTTP/1.1" 200 39722
[2021-06-02 11:43:36,508] [basehttp.py:161] [basehttp:log_message] [INFO]- "GET /static/js/register1.js HTTP/1.1" 200 9483
[2021-06-02 11:43:36,510] [basehttp.py:161] [basehttp:log_message] [INFO]- "GET /static/js/vue-2.5.16.js HTTP/1.1" 200 289387
[2021-06-02 11:43:36,518] [basehttp.py:161] [basehttp:log_message] [INFO]- "GET /static/images/logo.png HTTP/1.1" 200 7450
[2021-06-02 11:43:36,540] [basehttp.py:161] [basehttp:log_message] [INFO]- "GET /static/images/icons02.png HTTP/1.1" 200 3935
[2021-06-02 11:43:36,541] [basehttp.py:161] [basehttp:log_message] [INFO]- "GET /static/images/interval_line.png HTTP/1.1" 200 1123
[2021-06-02 11:43:36,544] [basehttp.py:161] [basehttp:log_message] [INFO]- "GET /static/images/register_banner.png HTTP/1.1" 200 54894
[2021-06-02 11:43:36,584] [basehttp.py:161] [basehttp:log_message] [INFO]- "GET /image_codes/c53b1b8a-77c4-4573-a2e1-b37f9e59d67c/ HTTP/1.1" 200 3038
[2021-06-02 11:43:39,215] [basehttp.py:161] [basehttp:log_message] [INFO]- "GET /mobiles/15116340621/count/ HTTP/1.1" 200 23
[2021-06-02 11:43:42,630] [basehttp.py:161] [basehttp:log_message] [INFO]- "GET /mobiles/15116340621/count/ HTTP/1.1" 200 23
[2021-06-02 11:43:59,008] [basehttp.py:161] [basehttp:log_message] [INFO]- "GET /image_codes/6b24d042-6ec9-47ba-b9ba-7aa2bcbc3084/ HTTP/1.1" 200 3432
[2021-06-02 11:44:01,206] [basehttp.py:161] [basehttp:log_message] [INFO]- "GET /register/ HTTP/1.1" 200 3731
[2021-06-02 11:44:01,246] [basehttp.py:161] [basehttp:log_message] [INFO]- "GET /static/css/reset.css HTTP/1.1" 200 638
[2021-06-02 11:44:01,250] [basehttp.py:161] [basehttp:log_message] [INFO]- "GET /static/js/axios-0.18.0.min.js HTTP/1.1" 200 12913
[2021-06-02 11:44:01,256] [basehttp.py:161] [basehttp:log_message] [INFO]- "GET /static/css/main.css HTTP/1.1" 200 39722
[2021-06-02 11:44:01,264] [basehttp.py:161] [basehttp:log_message] [INFO]- "GET /static/js/register1.js HTTP/1.1" 200 9483
[2021-06-02 11:44:01,268] [basehttp.py:161] [basehttp:log_message] [INFO]- "GET /static/js/vue-2.5.16.js HTTP/1.1" 200 289387
[2021-06-02 11:44:01,276] [basehttp.py:161] [basehttp:log_message] [INFO]- "GET /static/images/logo.png HTTP/1.1" 200 7450
[2021-06-02 11:44:01,299] [basehttp.py:161] [basehttp:log_message] [INFO]- "GET /static/images/interval_line.png HTTP/1.1" 200 1123
[2021-06-02 11:44:01,301] [basehttp.py:161] [basehttp:log_message] [INFO]- "GET /static/images/icons02.png HTTP/1.1" 200 3935
[2021-06-02 11:44:01,304] [basehttp.py:161] [basehttp:log_message] [INFO]- "GET /static/images/register_banner.png HTTP/1.1" 200 54894
[2021-06-02 11:44:01,351] [basehttp.py:161] [basehttp:log_message] [INFO]- "GET /image_codes/9f0b5c61-a0d3-46d6-aac4-eb6a65ca1615/ HTTP/1.1" 200 2765
[2021-06-02 11:44:03,680] [basehttp.py:161] [basehttp:log_message] [INFO]- "GET /mobiles/15116340621/count/ HTTP/1.1" 200 23
[2021-06-02 11:44:03,745] [basehttp.py:161] [basehttp:log_message] [INFO]- "GET /image_codes/925ffbb1-59ca-4c60-a30f-62f5493006ae/ HTTP/1.1" 200 3116
[2021-06-02 11:44:05,659] [basehttp.py:161] [basehttp:log_message] [INFO]- "GET /image_codes/d2b42db5-1245-4332-9553-24a62d8303e4/ HTTP/1.1" 200 2790
[2021-06-02 11:44:09,702] [basehttp.py:161] [basehttp:log_message] [INFO]- "GET /mobiles/15116340621/count/ HTTP/1.1" 200 23
[2021-06-02 11:44:38,918] [basehttp.py:161] [basehttp:log_message] [INFO]- "GET /register/ HTTP/1.1" 200 3731
[2021-06-02 11:44:38,950] [basehttp.py:161] [basehttp:log_message] [INFO]- "GET /static/css/reset.css HTTP/1.1" 200 638
[2021-06-02 11:44:38,952] [basehttp.py:161] [basehttp:log_message] [INFO]- "GET /static/js/axios-0.18.0.min.js HTTP/1.1" 200 12913
[2021-06-02 11:44:38,955] [basehttp.py:161] [basehttp:log_message] [INFO]- "GET /static/css/main.css HTTP/1.1" 200 39722
[2021-06-02 11:44:38,967] [basehttp.py:161] [basehttp:log_message] [INFO]- "GET /static/js/register1.js HTTP/1.1" 200 9483
[2021-06-02 11:44:38,978] [basehttp.py:161] [basehttp:log_message] [INFO]- "GET /static/images/logo.png HTTP/1.1" 200 7450
[2021-06-02 11:44:38,981] [basehttp.py:161] [basehttp:log_message] [INFO]- "GET /static/js/vue-2.5.16.js HTTP/1.1" 200 289387
[2021-06-02 11:44:39,016] [basehttp.py:161] [basehttp:log_message] [INFO]- "GET /static/images/interval_line.png HTTP/1.1" 200 1123
[2021-06-02 11:44:39,017] [basehttp.py:161] [basehttp:log_message] [INFO]- "GET /static/images/icons02.png HTTP/1.1" 200 3935
[2021-06-02 11:44:39,022] [basehttp.py:161] [basehttp:log_message] [INFO]- "GET /static/images/register_banner.png HTTP/1.1" 200 54894
[2021-06-02 11:44:39,071] [basehttp.py:161] [basehttp:log_message] [INFO]- "GET /image_codes/b7c31695-903c-4157-a417-ab0057df66bf/ HTTP/1.1" 200 2988
[2021-06-02 11:44:40,965] [basehttp.py:161] [basehttp:log_message] [INFO]- "GET /mobiles/15116340621/count/ HTTP/1.1" 200 23
[2021-06-02 11:44:44,530] [basehttp.py:161] [basehttp:log_message] [INFO]- "GET /mobiles/15116340621/count/ HTTP/1.1" 200 23
[2021-06-02 12:34:53,895] [autoreload.py:250] [autoreload:trigger_reload] [INFO]- E:\djangoProject\djangoProject\meiduo_project\apps\verification\views.py changed, reloading.
[2021-06-02 12:34:55,830] [autoreload.py:636] [autoreload:run_with_reloader] [INFO]- Watching for file changes with StatReloader
[2021-06-02 12:34:56,362] [basehttp.py:161] [basehttp:log_message] [INFO]- "GET /register/ HTTP/1.1" 200 3731
[2021-06-02 12:34:56,408] [basehttp.py:161] [basehttp:log_message] [INFO]- "GET /static/css/reset.css HTTP/1.1" 200 638
[2021-06-02 12:34:56,414] [basehttp.py:161] [basehttp:log_message] [INFO]- "GET /static/css/main.css HTTP/1.1" 200 39722
[2021-06-02 12:34:56,424] [basehttp.py:161] [basehttp:log_message] [INFO]- "GET /static/js/axios-0.18.0.min.js HTTP/1.1" 200 12913
[2021-06-02 12:34:56,434] [basehttp.py:161] [basehttp:log_message] [INFO]- "GET /static/js/register1.js HTTP/1.1" 200 9483
[2021-06-02 12:34:56,442] [basehttp.py:161] [basehttp:log_message] [INFO]- "GET /static/images/logo.png HTTP/1.1" 200 7450
[2021-06-02 12:34:56,450] [basehttp.py:161] [basehttp:log_message] [INFO]- "GET /static/js/vue-2.5.16.js HTTP/1.1" 200 289387
[2021-06-02 12:34:56,479] [basehttp.py:161] [basehttp:log_message] [INFO]- "GET /static/images/interval_line.png HTTP/1.1" 200 1123
[2021-06-02 12:34:56,480] [basehttp.py:161] [basehttp:log_message] [INFO]- "GET /static/images/icons02.png HTTP/1.1" 200 3935
[2021-06-02 12:34:56,488] [basehttp.py:161] [basehttp:log_message] [INFO]- "GET /static/images/register_banner.png HTTP/1.1" 200 54894
[2021-06-02 12:34:56,607] [basehttp.py:161] [basehttp:log_message] [INFO]- "GET /image_codes/c9b65357-a3e4-48fb-bed5-162986b295ac/ HTTP/1.1" 200 3341
[2021-06-02 12:34:58,962] [basehttp.py:161] [basehttp:log_message] [INFO]- "GET /mobiles/15116340621/count/ HTTP/1.1" 200 23
[2021-06-02 12:35:04,102] [basehttp.py:161] [basehttp:log_message] [INFO]- "GET /mobiles/15116340621/count/ HTTP/1.1" 200 23
[2021-06-02 12:35:12,185] [basehttp.py:161] [basehttp:log_message] [INFO]- "GET /sms_codes/15116340621/?image_code=nrgs&image_code_id=c9b65357-a3e4-48fb-bed5-162986b295ac HTTP/1.1" 200 29
[2021-06-02 12:35:24,406] [basehttp.py:161] [basehttp:log_message] [INFO]- "GET /register/ HTTP/1.1" 200 3731
[2021-06-02 12:35:24,437] [basehttp.py:161] [basehttp:log_message] [INFO]- "GET /static/css/reset.css HTTP/1.1" 200 638
[2021-06-02 12:35:24,439] [basehttp.py:161] [basehttp:log_message] [INFO]- "GET /static/js/axios-0.18.0.min.js HTTP/1.1" 200 12913
[2021-06-02 12:35:24,442] [basehttp.py:161] [basehttp:log_message] [INFO]- "GET /static/css/main.css HTTP/1.1" 200 39722
[2021-06-02 12:35:24,458] [basehttp.py:161] [basehttp:log_message] [INFO]- "GET /static/js/register1.js HTTP/1.1" 200 9483
[2021-06-02 12:35:24,464] [basehttp.py:161] [basehttp:log_message] [INFO]- "GET /static/js/vue-2.5.16.js HTTP/1.1" 200 289387
[2021-06-02 12:35:24,470] [basehttp.py:161] [basehttp:log_message] [INFO]- "GET /static/images/logo.png HTTP/1.1" 200 7450
[2021-06-02 12:35:24,502] [basehttp.py:161] [basehttp:log_message] [INFO]- "GET /static/images/interval_line.png HTTP/1.1" 200 1123
[2021-06-02 12:35:24,502] [basehttp.py:161] [basehttp:log_message] [INFO]- "GET /static/images/icons02.png HTTP/1.1" 200 3935
[2021-06-02 12:35:24,505] [basehttp.py:161] [basehttp:log_message] [INFO]- "GET /static/images/register_banner.png HTTP/1.1" 200 54894
[2021-06-02 12:35:24,551] [basehttp.py:161] [basehttp:log_message] [INFO]- "GET /image_codes/a27f30cd-27e5-409d-99ab-6636c88099a9/ HTTP/1.1" 200 3071
[2021-06-02 12:35:27,339] [basehttp.py:161] [basehttp:log_message] [INFO]- "GET /mobiles/15116340621/count/ HTTP/1.1" 200 23
[2021-06-02 12:35:30,788] [basehttp.py:161] [basehttp:log_message] [INFO]- "GET /mobiles/15116340621/count/ HTTP/1.1" 200 23
[2021-06-02 12:35:35,514] [basehttp.py:161] [basehttp:log_message] [INFO]- "GET /sms_codes/15116340621/?image_code=tm8y&image_code_id=a27f30cd-27e5-409d-99ab-6636c88099a9 HTTP/1.1" 200 60
[2021-06-02 12:35:35,533] [basehttp.py:161] [basehttp:log_message] [INFO]- "GET /image_codes/1e3c957e-444d-4543-a16d-77711b53cb61/ HTTP/1.1" 200 3150
[2021-06-02 14:34:40,272] [autoreload.py:250] [autoreload:trigger_reload] [INFO]- E:\djangoProject\djangoProject\meiduo_project\apps\verification\views.py changed, reloading.
[2021-06-02 14:34:41,975] [autoreload.py:636] [autoreload:run_with_reloader] [INFO]- Watching for file changes with StatReloader
[2021-06-02 14:35:05,728] [autoreload.py:250] [autoreload:trigger_reload] [INFO]- E:\djangoProject\djangoProject\meiduo_project\apps\verification\views.py changed, reloading.
[2021-06-02 14:35:07,415] [autoreload.py:636] [autoreload:run_with_reloader] [INFO]- Watching for file changes with StatReloader
[2021-06-02 14:35:12,544] [autoreload.py:250] [autoreload:trigger_reload] [INFO]- E:\djangoProject\djangoProject\meiduo_project\apps\verification\views.py changed, reloading.
[2021-06-02 14:35:14,010] [autoreload.py:636] [autoreload:run_with_reloader] [INFO]- Watching for file changes with StatReloader
[2021-06-02 14:35:41,546] [autoreload.py:250] [autoreload:trigger_reload] [INFO]- E:\djangoProject\djangoProject\meiduo_project\apps\verification\views.py changed, reloading.
[2021-06-02 14:35:43,278] [autoreload.py:636] [autoreload:run_with_reloader] [INFO]- Watching for file changes with StatReloader
[2021-06-02 14:36:02,324] [basehttp.py:161] [basehttp:log_message] [INFO]- "GET /register/ HTTP/1.1" 200 3731
[2021-06-02 14:36:02,358] [basehttp.py:161] [basehttp:log_message] [INFO]- "GET /static/css/reset.css HTTP/1.1" 200 638
[2021-06-02 14:36:02,360] [basehttp.py:161] [basehttp:log_message] [INFO]- "GET /static/js/axios-0.18.0.min.js HTTP/1.1" 200 12913
[2021-06-02 14:36:02,365] [basehttp.py:161] [basehttp:log_message] [INFO]- "GET /static/css/main.css HTTP/1.1" 200 39722
[2021-06-02 14:36:02,378] [basehttp.py:161] [basehttp:log_message] [INFO]- "GET /static/js/register1.js HTTP/1.1" 200 9483
[2021-06-02 14:36:02,389] [basehttp.py:161] [basehttp:log_message] [INFO]- "GET /static/images/logo.png HTTP/1.1" 200 7450
[2021-06-02 14:36:02,393] [basehttp.py:161] [basehttp:log_message] [INFO]- "GET /static/js/vue-2.5.16.js HTTP/1.1" 200 289387
[2021-06-02 14:36:02,431] [basehttp.py:161] [basehttp:log_message] [INFO]- "GET /static/images/interval_line.png HTTP/1.1" 200 1123
[2021-06-02 14:36:02,432] [basehttp.py:161] [basehttp:log_message] [INFO]- "GET /static/images/icons02.png HTTP/1.1" 200 3935
[2021-06-02 14:36:02,438] [basehttp.py:161] [basehttp:log_message] [INFO]- "GET /static/images/register_banner.png HTTP/1.1" 200 54894
[2021-06-02 14:36:02,538] [basehttp.py:161] [basehttp:log_message] [INFO]- "GET /image_codes/166b52ae-dbf3-4b9e-b21d-1002dba1d0c8/ HTTP/1.1" 200 3463
[2021-06-02 14:36:05,697] [basehttp.py:161] [basehttp:log_message] [INFO]- "GET /mobiles/15116340631/count/ HTTP/1.1" 200 23
[2021-06-02 14:36:08,252] [basehttp.py:161] [basehttp:log_message] [INFO]- "GET /mobiles/15116340632/count/ HTTP/1.1" 200 23
[2021-06-02 14:36:12,069] [basehttp.py:161] [basehttp:log_message] [INFO]- "GET /mobiles/15116340632/count/ HTTP/1.1" 200 23
[2021-06-02 14:36:36,386] [log.py:224] [log:log_response] [ERROR]- Internal Server Error: /sms_codes/15116340632/
Traceback (most recent call last):
  File "D:\python\lib\site-packages\django\core\handlers\exception.py", line 47, in inner
    response = get_response(request)
  File "D:\python\lib\site-packages\django\core\handlers\base.py", line 181, in _get_response
    response = wrapped_callback(request, *callback_args, **callback_kwargs)
  File "D:\python\lib\site-packages\django\views\generic\base.py", line 70, in view
    return self.dispatch(request, *args, **kwargs)
  File "D:\python\lib\site-packages\django\views\generic\base.py", line 98, in dispatch
    return handler(request, *args, **kwargs)
  File "E:\djangoProject\djangoProject\meiduo_project\apps\verification\views.py", line 58, in get
    pipe.excute()
AttributeError: 'Pipeline' object has no attribute 'excute'
[2021-06-02 14:36:36,391] [basehttp.py:161] [basehttp:log_message] [ERROR]- "GET /sms_codes/15116340632/?image_code=qbrp&image_code_id=166b52ae-dbf3-4b9e-b21d-1002dba1d0c8 HTTP/1.1" 500 82253
[2021-06-02 17:47:05,717] [autoreload.py:636] [autoreload:run_with_reloader] [INFO]- Watching for file changes with StatReloader
[2021-06-02 17:47:06,410] [basehttp.py:161] [basehttp:log_message] [INFO]- "GET / HTTP/1.1" 200 20048
[2021-06-02 17:47:09,367] [basehttp.py:161] [basehttp:log_message] [INFO]- "GET /register/ HTTP/1.1" 200 3731
[2021-06-02 17:47:09,388] [basehttp.py:161] [basehttp:log_message] [INFO]- "GET /static/js/register1.js HTTP/1.1" 304 0
[2021-06-02 17:47:10,263] [basehttp.py:161] [basehttp:log_message] [INFO]- "GET /image_codes/08201746-7585-4ca4-b576-abd403cefc04/ HTTP/1.1" 200 3119
[2021-06-02 17:47:15,544] [basehttp.py:161] [basehttp:log_message] [INFO]- "GET /mobiles/15116340631/count/ HTTP/1.1" 200 23
[2021-06-02 17:47:17,435] [basehttp.py:161] [basehttp:log_message] [INFO]- "GET /mobiles/15116340635/count/ HTTP/1.1" 200 23
[2021-06-02 17:47:21,806] [basehttp.py:161] [basehttp:log_message] [INFO]- "GET /mobiles/15116340635/count/ HTTP/1.1" 200 23
[2021-06-02 17:47:28,055] [log.py:224] [log:log_response] [ERROR]- Internal Server Error: /sms_codes/15116340635/
Traceback (most recent call last):
  File "D:\python\lib\site-packages\django\core\handlers\exception.py", line 47, in inner
    response = get_response(request)
  File "D:\python\lib\site-packages\django\core\handlers\base.py", line 181, in _get_response
    response = wrapped_callback(request, *callback_args, **callback_kwargs)
  File "D:\python\lib\site-packages\django\views\generic\base.py", line 70, in view
    return self.dispatch(request, *args, **kwargs)
  File "D:\python\lib\site-packages\django\views\generic\base.py", line 98, in dispatch
    return handler(request, *args, **kwargs)
  File "E:\djangoProject\djangoProject\meiduo_project\apps\verification\views.py", line 58, in get
    pipe.excute()
AttributeError: 'Pipeline' object has no attribute 'excute'
[2021-06-02 17:47:28,058] [basehttp.py:161] [basehttp:log_message] [ERROR]- "GET /sms_codes/15116340635/?image_code=glsn&image_code_id=08201746-7585-4ca4-b576-abd403cefc04 HTTP/1.1" 500 82330
[2021-06-02 17:50:51,199] [basehttp.py:161] [basehttp:log_message] [INFO]- "GET /register/ HTTP/1.1" 200 3731
[2021-06-02 17:50:51,250] [basehttp.py:161] [basehttp:log_message] [INFO]- "GET /image_codes/f625694c-a1ff-461d-8bb4-67a5f6efe406/ HTTP/1.1" 200 3199
[2021-06-02 17:50:55,121] [basehttp.py:161] [basehttp:log_message] [INFO]- "GET /mobiles/15116311113/count/ HTTP/1.1" 200 23
[2021-06-02 17:51:01,274] [basehttp.py:161] [basehttp:log_message] [INFO]- "GET /mobiles/15116311113/count/ HTTP/1.1" 200 23
[2021-06-02 17:51:11,950] [log.py:224] [log:log_response] [ERROR]- Internal Server Error: /sms_codes/15116311113/
Traceback (most recent call last):
  File "D:\python\lib\site-packages\django\core\handlers\exception.py", line 47, in inner
    response = get_response(request)
  File "D:\python\lib\site-packages\django\core\handlers\base.py", line 181, in _get_response
    response = wrapped_callback(request, *callback_args, **callback_kwargs)
  File "D:\python\lib\site-packages\django\views\generic\base.py", line 70, in view
    return self.dispatch(request, *args, **kwargs)
  File "D:\python\lib\site-packages\django\views\generic\base.py", line 98, in dispatch
    return handler(request, *args, **kwargs)
  File "E:\djangoProject\djangoProject\meiduo_project\apps\verification\views.py", line 58, in get
    pipe.excute()
AttributeError: 'Pipeline' object has no attribute 'excute'
[2021-06-02 17:51:11,952] [basehttp.py:161] [basehttp:log_message] [ERROR]- "GET /sms_codes/15116311113/?image_code=nrup&image_code_id=f625694c-a1ff-461d-8bb4-67a5f6efe406 HTTP/1.1" 500 82330
[2021-06-02 17:52:18,606] [basehttp.py:161] [basehttp:log_message] [INFO]- "GET /register/ HTTP/1.1" 200 3731
[2021-06-02 17:52:18,653] [basehttp.py:161] [basehttp:log_message] [INFO]- "GET /static/css/reset.css HTTP/1.1" 200 638
[2021-06-02 17:52:18,662] [basehttp.py:161] [basehttp:log_message] [INFO]- "GET /static/css/main.css HTTP/1.1" 200 39722
[2021-06-02 17:52:18,666] [basehttp.py:161] [basehttp:log_message] [INFO]- "GET /static/js/axios-0.18.0.min.js HTTP/1.1" 200 12913
[2021-06-02 17:52:18,680] [basehttp.py:161] [basehttp:log_message] [INFO]- "GET /static/js/register1.js HTTP/1.1" 200 9483
[2021-06-02 17:52:18,691] [basehttp.py:161] [basehttp:log_message] [INFO]- "GET /static/images/logo.png HTTP/1.1" 200 7450
[2021-06-02 17:52:18,702] [basehttp.py:161] [basehttp:log_message] [INFO]- "GET /static/js/vue-2.5.16.js HTTP/1.1" 200 289387
[2021-06-02 17:52:18,741] [basehttp.py:161] [basehttp:log_message] [INFO]- "GET /static/images/icons02.png HTTP/1.1" 200 3935
[2021-06-02 17:52:18,742] [basehttp.py:161] [basehttp:log_message] [INFO]- "GET /static/images/interval_line.png HTTP/1.1" 200 1123
[2021-06-02 17:52:18,748] [basehttp.py:161] [basehttp:log_message] [INFO]- "GET /static/images/register_banner.png HTTP/1.1" 200 54894
[2021-06-02 17:52:18,797] [basehttp.py:161] [basehttp:log_message] [INFO]- "GET /image_codes/395a3b09-65b3-4570-9f8c-feddbc403d8d/ HTTP/1.1" 200 3304
[2021-06-02 17:52:23,348] [basehttp.py:161] [basehttp:log_message] [INFO]- "GET /mobiles/15116340634/count/ HTTP/1.1" 200 23
[2021-06-02 17:52:27,123] [basehttp.py:161] [basehttp:log_message] [INFO]- "GET /mobiles/15116340634/count/ HTTP/1.1" 200 23
[2021-06-02 17:52:35,274] [autoreload.py:636] [autoreload:run_with_reloader] [INFO]- Watching for file changes with StatReloader
[2021-06-02 17:52:35,759] [basehttp.py:161] [basehttp:log_message] [INFO]- "GET / HTTP/1.1" 200 20048
[2021-06-02 17:52:39,997] [basehttp.py:161] [basehttp:log_message] [INFO]- "GET /mobiles/15116340634/count/ HTTP/1.1" 200 23
[2021-06-02 17:53:10,169] [autoreload.py:250] [autoreload:trigger_reload] [INFO]- E:\djangoProject\djangoProject\meiduo_project\apps\verification\views.py changed, reloading.
[2021-06-02 17:53:11,659] [autoreload.py:636] [autoreload:run_with_reloader] [INFO]- Watching for file changes with StatReloader
[2021-06-02 17:53:24,812] [log.py:224] [log:log_response] [ERROR]- Internal Server Error: /sms_codes/15116340634/
Traceback (most recent call last):
  File "D:\python\lib\site-packages\django\core\handlers\exception.py", line 47, in inner
    response = get_response(request)
  File "D:\python\lib\site-packages\django\core\handlers\base.py", line 181, in _get_response
    response = wrapped_callback(request, *callback_args, **callback_kwargs)
  File "D:\python\lib\site-packages\django\views\generic\base.py", line 70, in view
    return self.dispatch(request, *args, **kwargs)
  File "D:\python\lib\site-packages\django\views\generic\base.py", line 98, in dispatch
    return handler(request, *args, **kwargs)
  File "E:\djangoProject\djangoProject\meiduo_project\apps\verification\views.py", line 58, in get
    pipe.excuete()
AttributeError: 'Pipeline' object has no attribute 'excuete'
[2021-06-02 17:53:24,815] [basehttp.py:161] [basehttp:log_message] [ERROR]- "GET /sms_codes/15116340634/?image_code=yujg&image_code_id=395a3b09-65b3-4570-9f8c-feddbc403d8d HTTP/1.1" 500 82601
[2021-06-02 17:53:31,844] [basehttp.py:161] [basehttp:log_message] [INFO]- "GET /mobiles/15116340634/count/ HTTP/1.1" 200 23
[2021-06-02 17:54:11,389] [autoreload.py:250] [autoreload:trigger_reload] [INFO]- E:\djangoProject\djangoProject\meiduo_project\apps\verification\views.py changed, reloading.
[2021-06-02 17:54:12,890] [autoreload.py:636] [autoreload:run_with_reloader] [INFO]- Watching for file changes with StatReloader
[2021-06-02 17:54:25,201] [basehttp.py:161] [basehttp:log_message] [INFO]- "GET /sms_codes/15116340634/?image_code=yujg&image_code_id=395a3b09-65b3-4570-9f8c-feddbc403d8d HTTP/1.1" 200 60
[2021-06-02 17:54:25,245] [basehttp.py:161] [basehttp:log_message] [INFO]- "GET /image_codes/c65e8c1d-8e92-4d23-8a75-5b731d14f808/ HTTP/1.1" 200 3221
[2021-06-02 17:54:26,689] [autoreload.py:250] [autoreload:trigger_reload] [INFO]- E:\djangoProject\djangoProject\meiduo_project\apps\verification\views.py changed, reloading.
[2021-06-02 17:54:28,789] [autoreload.py:636] [autoreload:run_with_reloader] [INFO]- Watching for file changes with StatReloader
[2021-06-02 17:54:29,298] [basehttp.py:161] [basehttp:log_message] [INFO]- "GET /mobiles/15116340634/count/ HTTP/1.1" 200 23
[2021-06-02 17:54:32,192] [basehttp.py:161] [basehttp:log_message] [INFO]- "GET /sms_codes/15116340634/?image_code=yujg&image_code_id=c65e8c1d-8e92-4d23-8a75-5b731d14f808 HTTP/1.1" 200 60
[2021-06-02 17:54:32,266] [basehttp.py:161] [basehttp:log_message] [INFO]- "GET /image_codes/65fe5505-c7e5-41f5-a75b-3aac8ccfee7e/ HTTP/1.1" 200 3526
[2021-06-02 17:54:44,345] [basehttp.py:161] [basehttp:log_message] [INFO]- "GET /register/ HTTP/1.1" 200 3731
[2021-06-02 17:54:44,383] [basehttp.py:161] [basehttp:log_message] [INFO]- "GET /static/css/reset.css HTTP/1.1" 200 638
[2021-06-02 17:54:44,386] [basehttp.py:161] [basehttp:log_message] [INFO]- "GET /static/css/main.css HTTP/1.1" 200 39722
[2021-06-02 17:54:44,389] [basehttp.py:161] [basehttp:log_message] [INFO]- "GET /static/js/axios-0.18.0.min.js HTTP/1.1" 200 12913
[2021-06-02 17:54:44,404] [basehttp.py:161] [basehttp:log_message] [INFO]- "GET /static/js/vue-2.5.16.js HTTP/1.1" 200 289387
[2021-06-02 17:54:44,413] [basehttp.py:161] [basehttp:log_message] [INFO]- "GET /static/js/register1.js HTTP/1.1" 200 9483
[2021-06-02 17:54:44,420] [basehttp.py:161] [basehttp:log_message] [INFO]- "GET /static/images/logo.png HTTP/1.1" 200 7450
[2021-06-02 17:54:44,440] [basehttp.py:161] [basehttp:log_message] [INFO]- "GET /static/images/interval_line.png HTTP/1.1" 200 1123
[2021-06-02 17:54:44,441] [basehttp.py:161] [basehttp:log_message] [INFO]- "GET /static/images/icons02.png HTTP/1.1" 200 3935
[2021-06-02 17:54:44,450] [basehttp.py:161] [basehttp:log_message] [INFO]- "GET /static/images/register_banner.png HTTP/1.1" 200 54894
[2021-06-02 17:54:44,511] [basehttp.py:161] [basehttp:log_message] [INFO]- "GET /image_codes/d505221c-6625-4e4b-9229-730e5c868b03/ HTTP/1.1" 200 3534
[2021-06-02 17:54:49,290] [basehttp.py:161] [basehttp:log_message] [INFO]- "GET /mobiles/15116340634/count/ HTTP/1.1" 200 23
[2021-06-02 17:54:51,878] [basehttp.py:161] [basehttp:log_message] [INFO]- "GET /mobiles/15116340634/count/ HTTP/1.1" 200 23
